<?xml version="1.0" encoding="utf-8"?>
<!--
 Copyright (c) 2019 SAP SE or an SAP affiliate company. All rights reserved.
-->
<process xmlns="http://www.hybris.de/xsd/processdefinition"
         start="defaultTestAction" name="defaultTestAction"
         processClass="de.hybris.platform.commerceservices.model.process.TestActionProcessModel">

    <action id="defaultTestAction" bean="defaultTestAction">
        <transition name="OK" to="defaultTestActionStep2"/>
        <transition name="NOK" to="defaultTestActionStep3"/>
    </action>

    <action id="defaultTestActionStep2" bean="defaultTestActionStep2">
        <transition name="OK" to="success"/>
        <transition name="NOK" to="error"/>
    </action>

    <action id="defaultTestActionStep3" bean="defaultTestActionStep3">
        <transition name="OK" to="success"/>
        <transition name="NOK" to="error"/>
    </action>

    <end id="error" state="ERROR">Something went wrong.</end>
    <end id="failed" state="FAILED">Test Action Failed to Execute.</end>
    <end id="success" state="SUCCEEDED">Yes!.</end>

</process>
